<?xml version="1.0" encoding="UTF-8"?>
<!-- Generated by org.testng.reporters.JUnitReportReporter -->
<testsuite hostname="Shohans-MBP.nyc.rr.com" name="com.patch.qa.PatchHomePage" tests="1" failures="0" timestamp="22 Mar 2021 19:00:28 GMT" time="8.054" errors="0">
  <testcase name="PatchTest" time="8.054" classname="com.patch.qa.PatchHomePage"/>
</testsuite> <!-- com.patch.qa.PatchHomePage -->
