<?xml version="1.0" encoding="UTF-8"?>
<!-- Generated by org.testng.reporters.JUnitReportReporter -->
<testsuite hostname="Shohans-MBP.nyc.rr.com" name="com.patch.qa.AAA_PatchHomePage" tests="1" failures="0" timestamp="22 Mar 2021 19:10:32 GMT" time="10.112" errors="0">
  <testcase name="assertTest" time="10.112" classname="com.patch.qa.AAA_PatchHomePage"/>
</testsuite> <!-- com.patch.qa.AAA_PatchHomePage -->
